{
  "RSpec": {
    "coverage": {
      "/home/scrappy-cookie-8433/tic-tac-toe-rb-online-web-sp-000/lib/tic_tac_toe.rb": [
        null,
        1,
        null,
        null,
        null,
        null,
        null,
        null,
        null,
        null,
        null,
        1,
        25,
        25,
        25,
        25,
        25,
        null,
        null,
        1,
        18350,
        null,
        null,
        1,
        23,
        null,
        null,
        1,
        18352,
        null,
        null,
        1,
        18350,
        21,
        null,
        18329,
        null,
        null,
        null,
        1,
        18353,
        18350,
        18347,
        18347,
        18347,
        20,
        20,
        null,
        18327,
        null,
        null,
        null,
        1,
        36683,
        36683,
        330147,
        40451,
        null,
        null,
        36683,
        null,
        null,
        null,
        null,
        1,
        18349,
        16,
        18333,
        18333,
        null,
        null,
        null,
        1,
        63,
        411,
        411,
        411,
        null,
        411,
        411,
        411,
        null,
        411,
        19,
        392,
        6,
        null,
        386,
        null,
        null,
        38,
        null,
        null,
        1,
        276,
        null,
        null,
        1,
        33,
        6,
        null,
        27,
        null,
        null,
        null,
        1,
        21,
        4,
        17,
        1,
        16,
        5,
        null,
        11,
        null,
        null,
        null,
        1,
        3,
        2,
        2,
        2,
        null,
        null,
        null,
        null,
        null,
        1,
        12,
        17,
        null,
        null,
        12,
        1,
        11,
        3,
        null,
        8,
        null,
        null
      ]
    },
    "timestamp": 1575754172
  }
}
