{
  "RSpec": {
    "coverage": {
      "/home/scrappy-cookie-8433/tic-tac-toe-rb-online-web-sp-000/lib/tic_tac_toe.rb": [
        null,
        1,
        null,
        null,
        null,
        null,
        null,
        null,
        null,
        null,
        null,
        1,
        24,
        24,
        24,
        24,
        24,
        null,
        null,
        1,
        23,
        null,
        null,
        1,
        22,
        null,
        null,
        1,
        25,
        null,
        null,
        1,
        23,
        20,
        null,
        3,
        null,
        null,
        null,
        1,
        20,
        20,
        20,
        20,
        20,
        19,
        19,
        null,
        1,
        null,
        null,
        null,
        1,
        32,
        32,
        288,
        47,
        null,
        null,
        32,
        null,
        null,
        1,
        23,
        15,
        8,
        8,
        null,
        null,
        null,
        1,
        74,
        480,
        480,
        480,
        null,
        480,
        480,
        480,
        null,
        480,
        22,
        458,
        7,
        null,
        451,
        null,
        null,
        45,
        null,
        null,
        1,
        276,
        null,
        null,
        1,
        33,
        6,
        null,
        27,
        null,
        null,
        null,
        1,
        21,
        4,
        17,
        1,
        16,
        5,
        null,
        11,
        null,
        null,
        null,
        1,
        3,
        2,
        2,
        2,
        null,
        null,
        null,
        null,
        null,
        1,
        12,
        17,
        null,
        null,
        12,
        0,
        12,
        1,
        11,
        3,
        null,
        null
      ]
    },
    "timestamp": 1575754921
  }
}
